<?xml version="1.0" encoding="UTF-8"?>
<testsuite xmlns:xsi="http://www.w3.org/2001/XMLSchema-instance" xsi:noNamespaceSchemaLocation="https://maven.apache.org/surefire/maven-surefire-plugin/xsd/surefire-test-report-3.0.xsd" version="3.0" name="runners.SmokeRunner" time="31.19" tests="1" errors="0" skipped="0" failures="0">
  <properties>
    <property name="java.specification.version" value="17"/>
    <property name="sun.jnu.encoding" value="UTF-8"/>
    <property name="java.class.path" value="/Users/sergiopele/IdeaProjects/LambdaTest/target/test-classes:/Users/sergiopele/IdeaProjects/LambdaTest/target/classes:/Users/sergiopele/.m2/repository/org/seleniumhq/selenium/selenium-java/3.141.59/selenium-java-3.141.59.jar:/Users/sergiopele/.m2/repository/org/seleniumhq/selenium/selenium-api/3.141.59/selenium-api-3.141.59.jar:/Users/sergiopele/.m2/repository/org/seleniumhq/selenium/selenium-chrome-driver/3.141.59/selenium-chrome-driver-3.141.59.jar:/Users/sergiopele/.m2/repository/org/seleniumhq/selenium/selenium-edge-driver/3.141.59/selenium-edge-driver-3.141.59.jar:/Users/sergiopele/.m2/repository/org/seleniumhq/selenium/selenium-firefox-driver/3.141.59/selenium-firefox-driver-3.141.59.jar:/Users/sergiopele/.m2/repository/org/seleniumhq/selenium/selenium-ie-driver/3.141.59/selenium-ie-driver-3.141.59.jar:/Users/sergiopele/.m2/repository/org/seleniumhq/selenium/selenium-opera-driver/3.141.59/selenium-opera-driver-3.141.59.jar:/Users/sergiopele/.m2/repository/org/seleniumhq/selenium/selenium-remote-driver/3.141.59/selenium-remote-driver-3.141.59.jar:/Users/sergiopele/.m2/repository/org/seleniumhq/selenium/selenium-safari-driver/3.141.59/selenium-safari-driver-3.141.59.jar:/Users/sergiopele/.m2/repository/org/seleniumhq/selenium/selenium-support/3.141.59/selenium-support-3.141.59.jar:/Users/sergiopele/.m2/repository/net/bytebuddy/byte-buddy/1.8.15/byte-buddy-1.8.15.jar:/Users/sergiopele/.m2/repository/org/apache/commons/commons-exec/1.3/commons-exec-1.3.jar:/Users/sergiopele/.m2/repository/com/google/guava/guava/25.0-jre/guava-25.0-jre.jar:/Users/sergiopele/.m2/repository/com/google/code/findbugs/jsr305/1.3.9/jsr305-1.3.9.jar:/Users/sergiopele/.m2/repository/org/checkerframework/checker-compat-qual/2.0.0/checker-compat-qual-2.0.0.jar:/Users/sergiopele/.m2/repository/com/google/errorprone/error_prone_annotations/2.1.3/error_prone_annotations-2.1.3.jar:/Users/sergiopele/.m2/repository/com/google/j2objc/j2objc-annotations/1.1/j2objc-annotations-1.1.jar:/Users/sergiopele/.m2/repository/org/codehaus/mojo/animal-sniffer-annotations/1.14/animal-sniffer-annotations-1.14.jar:/Users/sergiopele/.m2/repository/com/squareup/okhttp3/okhttp/3.11.0/okhttp-3.11.0.jar:/Users/sergiopele/.m2/repository/com/squareup/okio/okio/1.14.0/okio-1.14.0.jar:/Users/sergiopele/.m2/repository/io/cucumber/cucumber-java/6.9.1/cucumber-java-6.9.1.jar:/Users/sergiopele/.m2/repository/io/cucumber/cucumber-core/6.9.1/cucumber-core-6.9.1.jar:/Users/sergiopele/.m2/repository/io/cucumber/cucumber-gherkin/6.9.1/cucumber-gherkin-6.9.1.jar:/Users/sergiopele/.m2/repository/io/cucumber/cucumber-gherkin-messages/6.9.1/cucumber-gherkin-messages-6.9.1.jar:/Users/sergiopele/.m2/repository/io/cucumber/messages/13.2.1/messages-13.2.1.jar:/Users/sergiopele/.m2/repository/io/cucumber/tag-expressions/3.0.0/tag-expressions-3.0.0.jar:/Users/sergiopele/.m2/repository/io/cucumber/cucumber-expressions/10.3.0/cucumber-expressions-10.3.0.jar:/Users/sergiopele/.m2/repository/io/cucumber/datatable/3.5.0/datatable-3.5.0.jar:/Users/sergiopele/.m2/repository/io/cucumber/cucumber-plugin/6.9.1/cucumber-plugin-6.9.1.jar:/Users/sergiopele/.m2/repository/io/cucumber/docstring/6.9.1/docstring-6.9.1.jar:/Users/sergiopele/.m2/repository/io/cucumber/html-formatter/9.0.0/html-formatter-9.0.0.jar:/Users/sergiopele/.m2/repository/io/cucumber/create-meta/2.0.4/create-meta-2.0.4.jar:/Users/sergiopele/.m2/repository/org/apiguardian/apiguardian-api/1.1.0/apiguardian-api-1.1.0.jar:/Users/sergiopele/.m2/repository/io/cucumber/cucumber-junit/6.9.1/cucumber-junit-6.9.1.jar:/Users/sergiopele/.m2/repository/junit/junit/4.13.1/junit-4.13.1.jar:/Users/sergiopele/.m2/repository/org/hamcrest/hamcrest-core/1.3/hamcrest-core-1.3.jar:/Users/sergiopele/.m2/repository/io/github/bonigarcia/webdrivermanager/3.8.1/webdrivermanager-3.8.1.jar:/Users/sergiopele/.m2/repository/org/slf4j/slf4j-api/1.7.25/slf4j-api-1.7.25.jar:/Users/sergiopele/.m2/repository/com/google/code/gson/gson/2.8.5/gson-2.8.5.jar:/Users/sergiopele/.m2/repository/org/apache/commons/commons-lang3/3.8.1/commons-lang3-3.8.1.jar:/Users/sergiopele/.m2/repository/org/apache/httpcomponents/httpclient/4.5.6/httpclient-4.5.6.jar:/Users/sergiopele/.m2/repository/org/apache/httpcomponents/httpcore/4.4.10/httpcore-4.4.10.jar:/Users/sergiopele/.m2/repository/commons-logging/commons-logging/1.2/commons-logging-1.2.jar:/Users/sergiopele/.m2/repository/org/rauschig/jarchivelib/1.0.0/jarchivelib-1.0.0.jar:/Users/sergiopele/.m2/repository/org/jsoup/jsoup/1.11.3/jsoup-1.11.3.jar:/Users/sergiopele/.m2/repository/org/apache/poi/poi/4.1.2/poi-4.1.2.jar:/Users/sergiopele/.m2/repository/commons-codec/commons-codec/1.13/commons-codec-1.13.jar:/Users/sergiopele/.m2/repository/org/apache/commons/commons-collections4/4.4/commons-collections4-4.4.jar:/Users/sergiopele/.m2/repository/org/apache/commons/commons-math3/3.6.1/commons-math3-3.6.1.jar:/Users/sergiopele/.m2/repository/com/zaxxer/SparseBitSet/1.2/SparseBitSet-1.2.jar:/Users/sergiopele/.m2/repository/org/apache/poi/poi-ooxml/4.1.2/poi-ooxml-4.1.2.jar:/Users/sergiopele/.m2/repository/org/apache/poi/poi-ooxml-schemas/4.1.2/poi-ooxml-schemas-4.1.2.jar:/Users/sergiopele/.m2/repository/org/apache/xmlbeans/xmlbeans/3.1.0/xmlbeans-3.1.0.jar:/Users/sergiopele/.m2/repository/org/apache/commons/commons-compress/1.19/commons-compress-1.19.jar:/Users/sergiopele/.m2/repository/com/github/virtuald/curvesapi/1.06/curvesapi-1.06.jar:/Users/sergiopele/.m2/repository/commons-io/commons-io/2.8.0/commons-io-2.8.0.jar:/Users/sergiopele/.m2/repository/org/projectlombok/lombok/1.18.22/lombok-1.18.22.jar:/Users/sergiopele/.m2/repository/log4j/log4j/1.2.16/log4j-1.2.16.jar:"/>
    <property name="java.vm.vendor" value="Oracle Corporation"/>
    <property name="sun.arch.data.model" value="64"/>
    <property name="java.vendor.url" value="https://java.oracle.com/"/>
    <property name="os.name" value="Mac OS X"/>
    <property name="java.vm.specification.version" value="17"/>
    <property name="sun.java.launcher" value="SUN_STANDARD"/>
    <property name="user.country" value="GB"/>
    <property name="sun.boot.library.path" value="/Users/sergiopele/Library/Java/JavaVirtualMachines/openjdk-17.0.1/Contents/Home/lib"/>
    <property name="sun.java.command" value="/Users/sergiopele/IdeaProjects/LambdaTest/target/surefire/surefirebooter-20221216004840153_3.jar /Users/sergiopele/IdeaProjects/LambdaTest/target/surefire 2022-12-16T00-48-39_339-jvmRun1 surefire-20221216004840153_1tmp surefire_0-20221216004840153_2tmp"/>
    <property name="http.nonProxyHosts" value="local|*.local|169.254/16|*.169.254/16"/>
    <property name="jdk.debug" value="release"/>
    <property name="surefire.test.class.path" value="/Users/sergiopele/IdeaProjects/LambdaTest/target/test-classes:/Users/sergiopele/IdeaProjects/LambdaTest/target/classes:/Users/sergiopele/.m2/repository/org/seleniumhq/selenium/selenium-java/3.141.59/selenium-java-3.141.59.jar:/Users/sergiopele/.m2/repository/org/seleniumhq/selenium/selenium-api/3.141.59/selenium-api-3.141.59.jar:/Users/sergiopele/.m2/repository/org/seleniumhq/selenium/selenium-chrome-driver/3.141.59/selenium-chrome-driver-3.141.59.jar:/Users/sergiopele/.m2/repository/org/seleniumhq/selenium/selenium-edge-driver/3.141.59/selenium-edge-driver-3.141.59.jar:/Users/sergiopele/.m2/repository/org/seleniumhq/selenium/selenium-firefox-driver/3.141.59/selenium-firefox-driver-3.141.59.jar:/Users/sergiopele/.m2/repository/org/seleniumhq/selenium/selenium-ie-driver/3.141.59/selenium-ie-driver-3.141.59.jar:/Users/sergiopele/.m2/repository/org/seleniumhq/selenium/selenium-opera-driver/3.141.59/selenium-opera-driver-3.141.59.jar:/Users/sergiopele/.m2/repository/org/seleniumhq/selenium/selenium-remote-driver/3.141.59/selenium-remote-driver-3.141.59.jar:/Users/sergiopele/.m2/repository/org/seleniumhq/selenium/selenium-safari-driver/3.141.59/selenium-safari-driver-3.141.59.jar:/Users/sergiopele/.m2/repository/org/seleniumhq/selenium/selenium-support/3.141.59/selenium-support-3.141.59.jar:/Users/sergiopele/.m2/repository/net/bytebuddy/byte-buddy/1.8.15/byte-buddy-1.8.15.jar:/Users/sergiopele/.m2/repository/org/apache/commons/commons-exec/1.3/commons-exec-1.3.jar:/Users/sergiopele/.m2/repository/com/google/guava/guava/25.0-jre/guava-25.0-jre.jar:/Users/sergiopele/.m2/repository/com/google/code/findbugs/jsr305/1.3.9/jsr305-1.3.9.jar:/Users/sergiopele/.m2/repository/org/checkerframework/checker-compat-qual/2.0.0/checker-compat-qual-2.0.0.jar:/Users/sergiopele/.m2/repository/com/google/errorprone/error_prone_annotations/2.1.3/error_prone_annotations-2.1.3.jar:/Users/sergiopele/.m2/repository/com/google/j2objc/j2objc-annotations/1.1/j2objc-annotations-1.1.jar:/Users/sergiopele/.m2/repository/org/codehaus/mojo/animal-sniffer-annotations/1.14/animal-sniffer-annotations-1.14.jar:/Users/sergiopele/.m2/repository/com/squareup/okhttp3/okhttp/3.11.0/okhttp-3.11.0.jar:/Users/sergiopele/.m2/repository/com/squareup/okio/okio/1.14.0/okio-1.14.0.jar:/Users/sergiopele/.m2/repository/io/cucumber/cucumber-java/6.9.1/cucumber-java-6.9.1.jar:/Users/sergiopele/.m2/repository/io/cucumber/cucumber-core/6.9.1/cucumber-core-6.9.1.jar:/Users/sergiopele/.m2/repository/io/cucumber/cucumber-gherkin/6.9.1/cucumber-gherkin-6.9.1.jar:/Users/sergiopele/.m2/repository/io/cucumber/cucumber-gherkin-messages/6.9.1/cucumber-gherkin-messages-6.9.1.jar:/Users/sergiopele/.m2/repository/io/cucumber/messages/13.2.1/messages-13.2.1.jar:/Users/sergiopele/.m2/repository/io/cucumber/tag-expressions/3.0.0/tag-expressions-3.0.0.jar:/Users/sergiopele/.m2/repository/io/cucumber/cucumber-expressions/10.3.0/cucumber-expressions-10.3.0.jar:/Users/sergiopele/.m2/repository/io/cucumber/datatable/3.5.0/datatable-3.5.0.jar:/Users/sergiopele/.m2/repository/io/cucumber/cucumber-plugin/6.9.1/cucumber-plugin-6.9.1.jar:/Users/sergiopele/.m2/repository/io/cucumber/docstring/6.9.1/docstring-6.9.1.jar:/Users/sergiopele/.m2/repository/io/cucumber/html-formatter/9.0.0/html-formatter-9.0.0.jar:/Users/sergiopele/.m2/repository/io/cucumber/create-meta/2.0.4/create-meta-2.0.4.jar:/Users/sergiopele/.m2/repository/org/apiguardian/apiguardian-api/1.1.0/apiguardian-api-1.1.0.jar:/Users/sergiopele/.m2/repository/io/cucumber/cucumber-junit/6.9.1/cucumber-junit-6.9.1.jar:/Users/sergiopele/.m2/repository/junit/junit/4.13.1/junit-4.13.1.jar:/Users/sergiopele/.m2/repository/org/hamcrest/hamcrest-core/1.3/hamcrest-core-1.3.jar:/Users/sergiopele/.m2/repository/io/github/bonigarcia/webdrivermanager/3.8.1/webdrivermanager-3.8.1.jar:/Users/sergiopele/.m2/repository/org/slf4j/slf4j-api/1.7.25/slf4j-api-1.7.25.jar:/Users/sergiopele/.m2/repository/com/google/code/gson/gson/2.8.5/gson-2.8.5.jar:/Users/sergiopele/.m2/repository/org/apache/commons/commons-lang3/3.8.1/commons-lang3-3.8.1.jar:/Users/sergiopele/.m2/repository/org/apache/httpcomponents/httpclient/4.5.6/httpclient-4.5.6.jar:/Users/sergiopele/.m2/repository/org/apache/httpcomponents/httpcore/4.4.10/httpcore-4.4.10.jar:/Users/sergiopele/.m2/repository/commons-logging/commons-logging/1.2/commons-logging-1.2.jar:/Users/sergiopele/.m2/repository/org/rauschig/jarchivelib/1.0.0/jarchivelib-1.0.0.jar:/Users/sergiopele/.m2/repository/org/jsoup/jsoup/1.11.3/jsoup-1.11.3.jar:/Users/sergiopele/.m2/repository/org/apache/poi/poi/4.1.2/poi-4.1.2.jar:/Users/sergiopele/.m2/repository/commons-codec/commons-codec/1.13/commons-codec-1.13.jar:/Users/sergiopele/.m2/repository/org/apache/commons/commons-collections4/4.4/commons-collections4-4.4.jar:/Users/sergiopele/.m2/repository/org/apache/commons/commons-math3/3.6.1/commons-math3-3.6.1.jar:/Users/sergiopele/.m2/repository/com/zaxxer/SparseBitSet/1.2/SparseBitSet-1.2.jar:/Users/sergiopele/.m2/repository/org/apache/poi/poi-ooxml/4.1.2/poi-ooxml-4.1.2.jar:/Users/sergiopele/.m2/repository/org/apache/poi/poi-ooxml-schemas/4.1.2/poi-ooxml-schemas-4.1.2.jar:/Users/sergiopele/.m2/repository/org/apache/xmlbeans/xmlbeans/3.1.0/xmlbeans-3.1.0.jar:/Users/sergiopele/.m2/repository/org/apache/commons/commons-compress/1.19/commons-compress-1.19.jar:/Users/sergiopele/.m2/repository/com/github/virtuald/curvesapi/1.06/curvesapi-1.06.jar:/Users/sergiopele/.m2/repository/commons-io/commons-io/2.8.0/commons-io-2.8.0.jar:/Users/sergiopele/.m2/repository/org/projectlombok/lombok/1.18.22/lombok-1.18.22.jar:/Users/sergiopele/.m2/repository/log4j/log4j/1.2.16/log4j-1.2.16.jar:"/>
    <property name="sun.cpu.endian" value="little"/>
    <property name="user.home" value="/Users/sergiopele"/>
    <property name="user.language" value="en"/>
    <property name="java.specification.vendor" value="Oracle Corporation"/>
    <property name="java.version.date" value="2021-10-19"/>
    <property name="java.home" value="/Users/sergiopele/Library/Java/JavaVirtualMachines/openjdk-17.0.1/Contents/Home"/>
    <property name="file.separator" value="/"/>
    <property name="basedir" value="/Users/sergiopele/IdeaProjects/LambdaTest"/>
    <property name="java.vm.compressedOopsMode" value="Zero based"/>
    <property name="line.separator" value="&#10;"/>
    <property name="java.specification.name" value="Java Platform API Specification"/>
    <property name="java.vm.specification.vendor" value="Oracle Corporation"/>
    <property name="surefire.real.class.path" value="/Users/sergiopele/IdeaProjects/LambdaTest/target/surefire/surefirebooter-20221216004840153_3.jar"/>
    <property name="sun.management.compiler" value="HotSpot 64-Bit Tiered Compilers"/>
    <property name="ftp.nonProxyHosts" value="local|*.local|169.254/16|*.169.254/16"/>
    <property name="java.runtime.version" value="17.0.1+12-39"/>
    <property name="user.name" value="sergiopele"/>
    <property name="path.separator" value=":"/>
    <property name="os.version" value="13.0.1"/>
    <property name="java.runtime.name" value="OpenJDK Runtime Environment"/>
    <property name="file.encoding" value="UTF-8"/>
    <property name="java.vm.name" value="OpenJDK 64-Bit Server VM"/>
    <property name="localRepository" value="/Users/sergiopele/.m2/repository"/>
    <property name="java.vendor.url.bug" value="https://bugreport.java.com/bugreport/"/>
    <property name="java.io.tmpdir" value="/var/folders/sq/674wl2416j1d7lqqmh409h5r0000gn/T/"/>
    <property name="idea.version" value="2022.3"/>
    <property name="java.version" value="17.0.1"/>
    <property name="user.dir" value="/Users/sergiopele/IdeaProjects/LambdaTest"/>
    <property name="os.arch" value="x86_64"/>
    <property name="java.vm.specification.name" value="Java Virtual Machine Specification"/>
    <property name="native.encoding" value="UTF-8"/>
    <property name="java.library.path" value="/Users/sergiopele/Library/Java/Extensions:/Library/Java/Extensions:/Network/Library/Java/Extensions:/System/Library/Java/Extensions:/usr/lib/java:."/>
    <property name="java.vm.info" value="mixed mode, sharing"/>
    <property name="java.vendor" value="Oracle Corporation"/>
    <property name="java.vm.version" value="17.0.1+12-39"/>
    <property name="sun.io.unicode.encoding" value="UnicodeBig"/>
    <property name="socksNonProxyHosts" value="local|*.local|169.254/16|*.169.254/16"/>
    <property name="java.class.version" value="61.0"/>
  </properties>
  <testcase name="User can Login into account" classname="User can Login" time="30.262">
    <system-out><![CDATA[
@tc1002 @login
Scenario: User can Login into account               # src/test/resources/features/Login.feature:3
  When user enters valid email address and password # steps.LogIn.user_enters_valid_and()
  And user click on Login button                    # steps.LogIn.user_click_on_login_button()
  Then user navigate to My account page             # steps.LogIn.user_navigate_to_my_account_page()

    Embedding User can Login into account [image/png 131836 bytes]

]]></system-out>
    <system-err><![CDATA[SLF4J: Failed to load class "org.slf4j.impl.StaticLoggerBinder".
SLF4J: Defaulting to no-operation (NOP) logger implementation
SLF4J: See http://www.slf4j.org/codes.html#StaticLoggerBinder for further details.
Starting ChromeDriver 108.0.5359.71 (1e0e3868ee06e91ad636a874420e3ca3ae3756ac-refs/branch-heads/5359@{#1016}) on port 32677
Only local connections are allowed.
Please see https://chromedriver.chromium.org/security-considerations for suggestions on keeping ChromeDriver safe.
ChromeDriver was started successfully.
Dec 16, 2022 12:48:49 AM org.openqa.selenium.remote.ProtocolHandshake createSession
INFO: Detected dialect: W3C
log4j:WARN Continuable parsing error 5 and column 84
log4j:WARN Attribute "xmlns:log4j" with value "https://jakarta.apache.org/log4j/" must have a value of "http://jakarta.apache.org/log4j/".
Dec 16, 2022 12:49:06 AM utils.Log lambda$static$0
INFO: **********************************
Dec 16, 2022 12:49:06 AM utils.Log lambda$static$0
INFO: *****************************************
Dec 16, 2022 12:49:06 AM utils.Log lambda$static$0
INFO: ############   My test case ################
Dec 16, 2022 12:49:06 AM utils.Log lambda$static$0
INFO: **********************************
Dec 16, 2022 12:49:06 AM utils.Log lambda$static$0
INFO: *****************************************
Dec 16, 2022 12:49:06 AM utils.Log lambda$static$2
INFO: Test in process
Dec 16, 2022 12:49:06 AM utils.Log lambda$static$3
INFO: My test case might be failed
Dec 16, 2022 12:49:11 AM utils.Log lambda$static$2
INFO: My test case is about to complete
Dec 16, 2022 12:49:11 AM utils.Log lambda$static$1
INFO: ##################################
Dec 16, 2022 12:49:11 AM utils.Log lambda$static$1
INFO: ##########################################
Dec 16, 2022 12:49:11 AM utils.Log lambda$static$1
INFO: ############   This is my login test again ################
Dec 16, 2022 12:49:11 AM utils.Log lambda$static$1
INFO: ##########################
Dec 16, 2022 12:49:11 AM utils.Log lambda$static$1
INFO: ##########################################
]]></system-err>
  </testcase>
</testsuite>